  pz6.cpp
C:\Users\agisina\source\repos\pz6\pz6\pz6.cpp(16,13): warning C4566: символ, представленный универсальным именем символа "\u0412", невозможно представить в текущей кодовой странице (1252)
C:\Users\agisina\source\repos\pz6\pz6\pz6.cpp(16,13): warning C4566: символ, представленный универсальным именем символа "\u044B", невозможно представить в текущей кодовой странице (1252)
C:\Users\agisina\source\repos\pz6\pz6\pz6.cpp(16,13): warning C4566: символ, представленный универсальным именем символа "\u0431", невозможно представить в текущей кодовой странице (1252)
C:\Users\agisina\source\repos\pz6\pz6\pz6.cpp(16,13): warning C4566: символ, представленный универсальным именем символа "\u0435", невозможно представить в текущей кодовой странице (1252)
C:\Users\agisina\source\repos\pz6\pz6\pz6.cpp(16,13): warning C4566: символ, представленный универсальным именем символа "\u0440", невозможно представить в текущей кодовой странице (1252)
C:\Users\agisina\source\repos\pz6\pz6\pz6.cpp(16,13): warning C4566: символ, представленный универсальным именем символа "\u0442", невозможно представить в текущей кодовой странице (1252)
C:\Users\agisina\source\repos\pz6\pz6\pz6.cpp(16,13): warning C4566: символ, представленный универсальным именем символа "\u043E", невозможно представить в текущей кодовой странице (1252)
C:\Users\agisina\source\repos\pz6\pz6\pz6.cpp(16,13): warning C4566: символ, представленный универсальным именем символа "\u0434", невозможно представить в текущей кодовой странице (1252)
C:\Users\agisina\source\repos\pz6\pz6\pz6.cpp(16,13): warning C4566: символ, представленный универсальным именем символа "\u043D", невозможно представить в текущей кодовой странице (1252)
C:\Users\agisina\source\repos\pz6\pz6\pz6.cpp(16,13): warning C4566: символ, представленный универсальным именем символа "\u0443", невозможно представить в текущей кодовой странице (1252)
C:\Users\agisina\source\repos\pz6\pz6\pz6.cpp(16,13): warning C4566: символ, представленный универсальным именем символа "\u0438", невозможно представить в текущей кодовой странице (1252)
C:\Users\agisina\source\repos\pz6\pz6\pz6.cpp(16,13): warning C4566: символ, представленный универсальным именем символа "\u0437", невозможно представить в текущей кодовой странице (1252)
C:\Users\agisina\source\repos\pz6\pz6\pz6.cpp(16,13): warning C4566: символ, представленный универсальным именем символа "\u0441", невозможно представить в текущей кодовой странице (1252)
C:\Users\agisina\source\repos\pz6\pz6\pz6.cpp(16,13): warning C4566: символ, представленный универсальным именем символа "\u043B", невозможно представить в текущей кодовой странице (1252)
C:\Users\agisina\source\repos\pz6\pz6\pz6.cpp(16,13): warning C4566: символ, представленный универсальным именем символа "\u044E", невозможно представить в текущей кодовой странице (1252)
C:\Users\agisina\source\repos\pz6\pz6\pz6.cpp(16,13): warning C4566: символ, представленный универсальным именем символа "\u0449", невозможно представить в текущей кодовой странице (1252)
C:\Users\agisina\source\repos\pz6\pz6\pz6.cpp(16,13): warning C4566: символ, представленный универсальным именем символа "\u0445", невозможно представить в текущей кодовой странице (1252)
C:\Users\agisina\source\repos\pz6\pz6\pz6.cpp(16,13): warning C4566: символ, представленный универсальным именем символа "\u0444", невозможно представить в текущей кодовой странице (1252)
C:\Users\agisina\source\repos\pz6\pz6\pz6.cpp(16,13): warning C4566: символ, представленный универсальным именем символа "\u043A", невозможно представить в текущей кодовой странице (1252)
C:\Users\agisina\source\repos\pz6\pz6\pz6.cpp(16,13): warning C4566: символ, представленный универсальным именем символа "\u0446", невозможно представить в текущей кодовой странице (1252)
C:\Users\agisina\source\repos\pz6\pz6\pz6.cpp(16,13): warning C4566: символ, представленный универсальным именем символа "\u0439", невозможно представить в текущей кодовой странице (1252)
C:\Users\agisina\source\repos\pz6\pz6\pz6.cpp(22,13): warning C4566: символ, представленный универсальным именем символа "\u0412", невозможно представить в текущей кодовой странице (1252)
C:\Users\agisina\source\repos\pz6\pz6\pz6.cpp(22,13): warning C4566: символ, представленный универсальным именем символа "\u0430", невозможно представить в текущей кодовой странице (1252)
C:\Users\agisina\source\repos\pz6\pz6\pz6.cpp(22,13): warning C4566: символ, представленный универсальным именем символа "\u0448", невозможно представить в текущей кодовой странице (1252)
C:\Users\agisina\source\repos\pz6\pz6\pz6.cpp(22,13): warning C4566: символ, представленный универсальным именем символа "\u0432", невозможно представить в текущей кодовой странице (1252)
C:\Users\agisina\source\repos\pz6\pz6\pz6.cpp(22,13): warning C4566: символ, представленный универсальным именем символа "\u044B", невозможно представить в текущей кодовой странице (1252)
C:\Users\agisina\source\repos\pz6\pz6\pz6.cpp(22,13): warning C4566: символ, представленный универсальным именем символа "\u0431", невозможно представить в текущей кодовой странице (1252)
C:\Users\agisina\source\repos\pz6\pz6\pz6.cpp(22,13): warning C4566: символ, представленный универсальным именем символа "\u043E", невозможно представить в текущей кодовой странице (1252)
C:\Users\agisina\source\repos\pz6\pz6\pz6.cpp(22,13): warning C4566: символ, представленный универсальным именем символа "\u0440", невозможно представить в текущей кодовой странице (1252)
C:\Users\agisina\source\repos\pz6\pz6\pz6.cpp(28,17): warning C4566: символ, представленный универсальным именем символа "\u0412", невозможно представить в текущей кодовой странице (1252)
C:\Users\agisina\source\repos\pz6\pz6\pz6.cpp(28,17): warning C4566: символ, представленный универсальным именем символа "\u0432", невозможно представить в текущей кодовой странице (1252)
C:\Users\agisina\source\repos\pz6\pz6\pz6.cpp(28,17): warning C4566: символ, представленный универсальным именем символа "\u0435", невозможно представить в текущей кодовой странице (1252)
C:\Users\agisina\source\repos\pz6\pz6\pz6.cpp(28,17): warning C4566: символ, представленный универсальным именем символа "\u0434", невозможно представить в текущей кодовой странице (1252)
C:\Users\agisina\source\repos\pz6\pz6\pz6.cpp(28,17): warning C4566: символ, представленный универсальным именем символа "\u0438", невозможно представить в текущей кодовой странице (1252)
C:\Users\agisina\source\repos\pz6\pz6\pz6.cpp(28,17): warning C4566: символ, представленный универсальным именем символа "\u0442", невозможно представить в текущей кодовой странице (1252)
C:\Users\agisina\source\repos\pz6\pz6\pz6.cpp(30,17): warning C4566: символ, представленный универсальным именем символа "\u0412", невозможно представить в текущей кодовой странице (1252)
C:\Users\agisina\source\repos\pz6\pz6\pz6.cpp(30,17): warning C4566: символ, представленный универсальным именем символа "\u0432", невозможно представить в текущей кодовой странице (1252)
C:\Users\agisina\source\repos\pz6\pz6\pz6.cpp(30,17): warning C4566: символ, представленный универсальным именем символа "\u0435", невозможно представить в текущей кодовой странице (1252)
C:\Users\agisina\source\repos\pz6\pz6\pz6.cpp(30,17): warning C4566: символ, представленный универсальным именем символа "\u0434", невозможно представить в текущей кодовой странице (1252)
C:\Users\agisina\source\repos\pz6\pz6\pz6.cpp(30,17): warning C4566: символ, представленный универсальным именем символа "\u0438", невозможно представить в текущей кодовой странице (1252)
C:\Users\agisina\source\repos\pz6\pz6\pz6.cpp(30,17): warning C4566: символ, представленный универсальным именем символа "\u0442", невозможно представить в текущей кодовой странице (1252)
C:\Users\agisina\source\repos\pz6\pz6\pz6.cpp(46,17): warning C4566: символ, представленный универсальным именем символа "\u0412", невозможно представить в текущей кодовой странице (1252)
C:\Users\agisina\source\repos\pz6\pz6\pz6.cpp(46,17): warning C4566: символ, представленный универсальным именем символа "\u0432", невозможно представить в текущей кодовой странице (1252)
C:\Users\agisina\source\repos\pz6\pz6\pz6.cpp(46,17): warning C4566: символ, представленный универсальным именем символа "\u0435", невозможно представить в текущей кодовой странице (1252)
C:\Users\agisina\source\repos\pz6\pz6\pz6.cpp(46,17): warning C4566: символ, представленный универсальным именем символа "\u0434", невозможно представить в текущей кодовой странице (1252)
C:\Users\agisina\source\repos\pz6\pz6\pz6.cpp(46,17): warning C4566: символ, представленный универсальным именем символа "\u0438", невозможно представить в текущей кодовой странице (1252)
C:\Users\agisina\source\repos\pz6\pz6\pz6.cpp(46,17): warning C4566: символ, представленный универсальным именем символа "\u0442", невозможно представить в текущей кодовой странице (1252)
C:\Users\agisina\source\repos\pz6\pz6\pz6.cpp(48,17): warning C4566: символ, представленный универсальным именем символа "\u0412", невозможно представить в текущей кодовой странице (1252)
C:\Users\agisina\source\repos\pz6\pz6\pz6.cpp(48,17): warning C4566: символ, представленный универсальным именем символа "\u0432", невозможно представить в текущей кодовой странице (1252)
C:\Users\agisina\source\repos\pz6\pz6\pz6.cpp(48,17): warning C4566: символ, представленный универсальным именем символа "\u0435", невозможно представить в текущей кодовой странице (1252)
C:\Users\agisina\source\repos\pz6\pz6\pz6.cpp(48,17): warning C4566: символ, представленный универсальным именем символа "\u0434", невозможно представить в текущей кодовой странице (1252)
C:\Users\agisina\source\repos\pz6\pz6\pz6.cpp(48,17): warning C4566: символ, представленный универсальным именем символа "\u0438", невозможно представить в текущей кодовой странице (1252)
C:\Users\agisina\source\repos\pz6\pz6\pz6.cpp(48,17): warning C4566: символ, представленный универсальным именем символа "\u0442", невозможно представить в текущей кодовой странице (1252)
C:\Users\agisina\source\repos\pz6\pz6\pz6.cpp(50,17): warning C4566: символ, представленный универсальным именем символа "\u0412", невозможно представить в текущей кодовой странице (1252)
C:\Users\agisina\source\repos\pz6\pz6\pz6.cpp(50,17): warning C4566: символ, представленный универсальным именем символа "\u0432", невозможно представить в текущей кодовой странице (1252)
C:\Users\agisina\source\repos\pz6\pz6\pz6.cpp(50,17): warning C4566: символ, представленный универсальным именем символа "\u0435", невозможно представить в текущей кодовой странице (1252)
C:\Users\agisina\source\repos\pz6\pz6\pz6.cpp(50,17): warning C4566: символ, представленный универсальным именем символа "\u0434", невозможно представить в текущей кодовой странице (1252)
C:\Users\agisina\source\repos\pz6\pz6\pz6.cpp(50,17): warning C4566: символ, представленный универсальным именем символа "\u0438", невозможно представить в текущей кодовой странице (1252)
C:\Users\agisina\source\repos\pz6\pz6\pz6.cpp(50,17): warning C4566: символ, представленный универсальным именем символа "\u0442", невозможно представить в текущей кодовой странице (1252)
C:\Users\agisina\source\repos\pz6\pz6\pz6.cpp(66,17): warning C4566: символ, представленный универсальным именем символа "\u0412", невозможно представить в текущей кодовой странице (1252)
C:\Users\agisina\source\repos\pz6\pz6\pz6.cpp(66,17): warning C4566: символ, представленный универсальным именем символа "\u0432", невозможно представить в текущей кодовой странице (1252)
C:\Users\agisina\source\repos\pz6\pz6\pz6.cpp(66,17): warning C4566: символ, представленный универсальным именем символа "\u0435", невозможно представить в текущей кодовой странице (1252)
C:\Users\agisina\source\repos\pz6\pz6\pz6.cpp(66,17): warning C4566: символ, представленный универсальным именем символа "\u0434", невозможно представить в текущей кодовой странице (1252)
C:\Users\agisina\source\repos\pz6\pz6\pz6.cpp(66,17): warning C4566: символ, представленный универсальным именем символа "\u0438", невозможно представить в текущей кодовой странице (1252)
C:\Users\agisina\source\repos\pz6\pz6\pz6.cpp(66,17): warning C4566: символ, представленный универсальным именем символа "\u0442", невозможно представить в текущей кодовой странице (1252)
C:\Users\agisina\source\repos\pz6\pz6\pz6.cpp(68,17): warning C4566: символ, представленный универсальным именем символа "\u0412", невозможно представить в текущей кодовой странице (1252)
C:\Users\agisina\source\repos\pz6\pz6\pz6.cpp(68,17): warning C4566: символ, представленный универсальным именем символа "\u0432", невозможно представить в текущей кодовой странице (1252)
C:\Users\agisina\source\repos\pz6\pz6\pz6.cpp(68,17): warning C4566: символ, представленный универсальным именем символа "\u0435", невозможно представить в текущей кодовой странице (1252)
C:\Users\agisina\source\repos\pz6\pz6\pz6.cpp(68,17): warning C4566: символ, представленный универсальным именем символа "\u0434", невозможно представить в текущей кодовой странице (1252)
C:\Users\agisina\source\repos\pz6\pz6\pz6.cpp(68,17): warning C4566: символ, представленный универсальным именем символа "\u0438", невозможно представить в текущей кодовой странице (1252)
C:\Users\agisina\source\repos\pz6\pz6\pz6.cpp(68,17): warning C4566: символ, представленный универсальным именем символа "\u0442", невозможно представить в текущей кодовой странице (1252)
C:\Users\agisina\source\repos\pz6\pz6\pz6.cpp(70,17): warning C4566: символ, представленный универсальным именем символа "\u0412", невозможно представить в текущей кодовой странице (1252)
C:\Users\agisina\source\repos\pz6\pz6\pz6.cpp(70,17): warning C4566: символ, представленный универсальным именем символа "\u0432", невозможно представить в текущей кодовой странице (1252)
C:\Users\agisina\source\repos\pz6\pz6\pz6.cpp(70,17): warning C4566: символ, представленный универсальным именем символа "\u0435", невозможно представить в текущей кодовой странице (1252)
C:\Users\agisina\source\repos\pz6\pz6\pz6.cpp(70,17): warning C4566: символ, представленный универсальным именем символа "\u0434", невозможно представить в текущей кодовой странице (1252)
C:\Users\agisina\source\repos\pz6\pz6\pz6.cpp(70,17): warning C4566: символ, представленный универсальным именем символа "\u0438", невозможно представить в текущей кодовой странице (1252)
C:\Users\agisina\source\repos\pz6\pz6\pz6.cpp(70,17): warning C4566: символ, представленный универсальным именем символа "\u0442", невозможно представить в текущей кодовой странице (1252)
C:\Users\agisina\source\repos\pz6\pz6\pz6.cpp(86,17): warning C4566: символ, представленный универсальным именем символа "\u0412", невозможно представить в текущей кодовой странице (1252)
C:\Users\agisina\source\repos\pz6\pz6\pz6.cpp(86,17): warning C4566: символ, представленный универсальным именем символа "\u0432", невозможно представить в текущей кодовой странице (1252)
C:\Users\agisina\source\repos\pz6\pz6\pz6.cpp(86,17): warning C4566: символ, представленный универсальным именем символа "\u0435", невозможно представить в текущей кодовой странице (1252)
C:\Users\agisina\source\repos\pz6\pz6\pz6.cpp(86,17): warning C4566: символ, представленный универсальным именем символа "\u0434", невозможно представить в текущей кодовой странице (1252)
C:\Users\agisina\source\repos\pz6\pz6\pz6.cpp(86,17): warning C4566: символ, представленный универсальным именем символа "\u0438", невозможно представить в текущей кодовой странице (1252)
C:\Users\agisina\source\repos\pz6\pz6\pz6.cpp(86,17): warning C4566: символ, представленный универсальным именем символа "\u0442", невозможно представить в текущей кодовой странице (1252)
C:\Users\agisina\source\repos\pz6\pz6\pz6.cpp(88,17): warning C4566: символ, представленный универсальным именем символа "\u0412", невозможно представить в текущей кодовой странице (1252)
C:\Users\agisina\source\repos\pz6\pz6\pz6.cpp(88,17): warning C4566: символ, представленный универсальным именем символа "\u0432", невозможно представить в текущей кодовой странице (1252)
C:\Users\agisina\source\repos\pz6\pz6\pz6.cpp(88,17): warning C4566: символ, представленный универсальным именем символа "\u0435", невозможно представить в текущей кодовой странице (1252)
C:\Users\agisina\source\repos\pz6\pz6\pz6.cpp(88,17): warning C4566: символ, представленный универсальным именем символа "\u0434", невозможно представить в текущей кодовой странице (1252)
C:\Users\agisina\source\repos\pz6\pz6\pz6.cpp(88,17): warning C4566: символ, представленный универсальным именем символа "\u0438", невозможно представить в текущей кодовой странице (1252)
C:\Users\agisina\source\repos\pz6\pz6\pz6.cpp(88,17): warning C4566: символ, представленный универсальным именем символа "\u0442", невозможно представить в текущей кодовой странице (1252)
C:\Users\agisina\source\repos\pz6\pz6\pz6.cpp(90,17): warning C4566: символ, представленный универсальным именем символа "\u0412", невозможно представить в текущей кодовой странице (1252)
C:\Users\agisina\source\repos\pz6\pz6\pz6.cpp(90,17): warning C4566: символ, представленный универсальным именем символа "\u0432", невозможно представить в текущей кодовой странице (1252)
C:\Users\agisina\source\repos\pz6\pz6\pz6.cpp(90,17): warning C4566: символ, представленный универсальным именем символа "\u0435", невозможно представить в текущей кодовой странице (1252)
C:\Users\agisina\source\repos\pz6\pz6\pz6.cpp(90,17): warning C4566: символ, представленный универсальным именем символа "\u0434", невозможно представить в текущей кодовой странице (1252)
C:\Users\agisina\source\repos\pz6\pz6\pz6.cpp(90,17): warning C4566: символ, представленный универсальным именем символа "\u0438", невозможно представить в текущей кодовой странице (1252)
C:\Users\agisina\source\repos\pz6\pz6\pz6.cpp(90,17): warning C4566: символ, представленный универсальным именем символа "\u0442", невозможно представить в текущей кодовой странице (1252)
C:\Users\agisina\source\repos\pz6\pz6\pz6.cpp(106,17): warning C4566: символ, представленный универсальным именем символа "\u0412", невозможно представить в текущей кодовой странице (1252)
C:\Users\agisina\source\repos\pz6\pz6\pz6.cpp(106,17): warning C4566: символ, представленный универсальным именем символа "\u0432", невозможно представить в текущей кодовой странице (1252)
C:\Users\agisina\source\repos\pz6\pz6\pz6.cpp(106,17): warning C4566: символ, представленный универсальным именем символа "\u0435", невозможно представить в текущей кодовой странице (1252)
C:\Users\agisina\source\repos\pz6\pz6\pz6.cpp(106,17): warning C4566: символ, представленный универсальным именем символа "\u0434", невозможно представить в текущей кодовой странице (1252)
C:\Users\agisina\source\repos\pz6\pz6\pz6.cpp(106,17): warning C4566: символ, представленный универсальным именем символа "\u0438", невозможно представить в текущей кодовой странице (1252)
C:\Users\agisina\source\repos\pz6\pz6\pz6.cpp(106,17): warning C4566: символ, представленный универсальным именем символа "\u0442", невозможно представить в текущей кодовой странице (1252)
C:\Users\agisina\source\repos\pz6\pz6\pz6.cpp(108,17): warning C4566: символ, представленный универсальным именем символа "\u0412", невозможно представить в текущей кодовой странице (1252)
C:\Users\agisina\source\repos\pz6\pz6\pz6.cpp(108,17): warning C4566: символ, представленный универсальным именем символа "\u0432", невозможно представить в текущей кодовой странице (1252)
C:\Users\agisina\source\repos\pz6\pz6\pz6.cpp(108,17): warning C4566: символ, представленный универсальным именем символа "\u0435", невозможно представить в текущей кодовой странице (1252)
C:\Users\agisina\source\repos\pz6\pz6\pz6.cpp(108,17): warning C4566: символ, представленный универсальным именем символа "\u0434", невозможно представить в текущей кодовой странице (1252)
C:\Users\agisina\source\repos\pz6\pz6\pz6.cpp(108,17): warning C4566: символ, представленный универсальным именем символа "\u0438", невозможно представить в текущей кодовой странице (1252)
C:\Users\agisina\source\repos\pz6\pz6\pz6.cpp(108,17): warning C4566: символ, представленный универсальным именем символа "\u0442", невозможно представить в текущей кодовой странице (1252)
C:\Users\agisina\source\repos\pz6\pz6\pz6.cpp(110,17): warning C4566: символ, представленный универсальным именем символа "\u0412", невозможно представить в текущей кодовой странице (1252)
C:\Users\agisina\source\repos\pz6\pz6\pz6.cpp(110,17): warning C4566: символ, представленный универсальным именем символа "\u0432", невозможно представить в текущей кодовой странице (1252)
C:\Users\agisina\source\repos\pz6\pz6\pz6.cpp(110,17): warning C4566: символ, представленный универсальным именем символа "\u0435", невозможно представить в текущей кодовой странице (1252)
C:\Users\agisina\source\repos\pz6\pz6\pz6.cpp(110,17): warning C4566: символ, представленный универсальным именем символа "\u0434", невозможно представить в текущей кодовой странице (1252)
C:\Users\agisina\source\repos\pz6\pz6\pz6.cpp(110,17): warning C4566: символ, представленный универсальным именем символа "\u0438", невозможно представить в текущей кодовой странице (1252)
C:\Users\agisina\source\repos\pz6\pz6\pz6.cpp(110,17): warning C4566: символ, представленный универсальным именем символа "\u0442", невозможно представить в текущей кодовой странице (1252)
C:\Users\agisina\source\repos\pz6\pz6\pz6.cpp(126,17): warning C4566: символ, представленный универсальным именем символа "\u0422", невозможно представить в текущей кодовой странице (1252)
C:\Users\agisina\source\repos\pz6\pz6\pz6.cpp(126,17): warning C4566: символ, представленный универсальным именем символа "\u0430", невозможно представить в текущей кодовой странице (1252)
C:\Users\agisina\source\repos\pz6\pz6\pz6.cpp(126,17): warning C4566: символ, представленный универсальным именем символа "\u043A", невозможно представить в текущей кодовой странице (1252)
C:\Users\agisina\source\repos\pz6\pz6\pz6.cpp(126,17): warning C4566: символ, представленный универсальным именем символа "\u044F", невозможно представить в текущей кодовой странице (1252)
C:\Users\agisina\source\repos\pz6\pz6\pz6.cpp(126,17): warning C4566: символ, представленный универсальным именем символа "\u0444", невозможно представить в текущей кодовой странице (1252)
C:\Users\agisina\source\repos\pz6\pz6\pz6.cpp(126,17): warning C4566: символ, представленный универсальным именем символа "\u0443", невозможно представить в текущей кодовой странице (1252)
C:\Users\agisina\source\repos\pz6\pz6\pz6.cpp(126,17): warning C4566: символ, представленный универсальным именем символа "\u043D", невозможно представить в текущей кодовой странице (1252)
C:\Users\agisina\source\repos\pz6\pz6\pz6.cpp(126,17): warning C4566: символ, представленный универсальным именем символа "\u0446", невозможно представить в текущей кодовой странице (1252)
C:\Users\agisina\source\repos\pz6\pz6\pz6.cpp(126,17): warning C4566: символ, представленный универсальным именем символа "\u0438", невозможно представить в текущей кодовой странице (1252)
C:\Users\agisina\source\repos\pz6\pz6\pz6.cpp(126,17): warning C4566: символ, представленный универсальным именем символа "\u0435", невозможно представить в текущей кодовой странице (1252)
C:\Users\agisina\source\repos\pz6\pz6\pz6.cpp(126,17): warning C4566: символ, представленный универсальным именем символа "\u0439", невозможно представить в текущей кодовой странице (1252)
C:\Users\agisina\source\repos\pz6\pz6\pz6.cpp(126,17): warning C4566: символ, представленный универсальным именем символа "\u0434", невозможно представить в текущей кодовой странице (1252)
C:\Users\agisina\source\repos\pz6\pz6\pz6.cpp(126,17): warning C4566: символ, представленный универсальным именем символа "\u043F", невозможно представить в текущей кодовой странице (1252)
C:\Users\agisina\source\repos\pz6\pz6\pz6.cpp(126,17): warning C4566: символ, представленный универсальным именем символа "\u043E", невозможно представить в текущей кодовой странице (1252)
C:\Users\agisina\source\repos\pz6\pz6\pz6.cpp(126,17): warning C4566: символ, представленный универсальным именем символа "\u0440", невозможно представить в текущей кодовой странице (1252)
C:\Users\agisina\source\repos\pz6\pz6\pz6.cpp(126,17): warning C4566: символ, представленный универсальным именем символа "\u0431", невозможно представить в текущей кодовой странице (1252)
C:\Users\agisina\source\repos\pz6\pz6\pz6.cpp(126,17): warning C4566: символ, представленный универсальным именем символа "\u0442", невозможно представить в текущей кодовой странице (1252)
C:\Users\agisina\source\repos\pz6\pz6\pz6.cpp(126,17): warning C4566: символ, представленный универсальным именем символа "\u0449", невозможно представить в текущей кодовой странице (1252)
C:\Users\agisina\source\repos\pz6\pz6\pz6.cpp(126,17): warning C4566: символ, представленный универсальным именем символа "\u0437", невозможно представить в текущей кодовой странице (1252)
C:\Users\agisina\source\repos\pz6\pz6\pz6.cpp(130,13): warning C4566: символ, представленный универсальным именем символа "\u041F", невозможно представить в текущей кодовой странице (1252)
C:\Users\agisina\source\repos\pz6\pz6\pz6.cpp(130,13): warning C4566: символ, представленный универсальным именем символа "\u0440", невозможно представить в текущей кодовой странице (1252)
C:\Users\agisina\source\repos\pz6\pz6\pz6.cpp(130,13): warning C4566: символ, представленный универсальным именем символа "\u0438", невозможно представить в текущей кодовой странице (1252)
C:\Users\agisina\source\repos\pz6\pz6\pz6.cpp(131,13): warning C4566: символ, представленный универсальным именем символа "\u041F", невозможно представить в текущей кодовой странице (1252)
C:\Users\agisina\source\repos\pz6\pz6\pz6.cpp(131,13): warning C4566: символ, представленный универсальным именем символа "\u0440", невозможно представить в текущей кодовой странице (1252)
C:\Users\agisina\source\repos\pz6\pz6\pz6.cpp(131,13): warning C4566: символ, представленный универсальным именем символа "\u0438", невозможно представить в текущей кодовой странице (1252)
C:\Users\agisina\source\repos\pz6\pz6\pz6.cpp(132,13): warning C4566: символ, представленный универсальным именем символа "\u041F", невозможно представить в текущей кодовой странице (1252)
C:\Users\agisina\source\repos\pz6\pz6\pz6.cpp(132,13): warning C4566: символ, представленный универсальным именем символа "\u0440", невозможно представить в текущей кодовой странице (1252)
C:\Users\agisina\source\repos\pz6\pz6\pz6.cpp(132,13): warning C4566: символ, представленный универсальным именем символа "\u0438", невозможно представить в текущей кодовой странице (1252)
  pz6.vcxproj -> C:\Users\agisina\source\repos\pz6\Debug\pz6.exe
